CLIENT_HANDSHAKE_TRAFFIC_SECRET 399e1d5f29a02dfbc36d6c3fd99dd3602e9d4880666adbbe8429010610c8875a 0672899dac89f3dcb45fa3fe943266cec66b12527e535309950bb63c607e0284
SERVER_HANDSHAKE_TRAFFIC_SECRET 399e1d5f29a02dfbc36d6c3fd99dd3602e9d4880666adbbe8429010610c8875a 81a17a703eb90ab0d094f72652ef1dca0bd2d7aad28597361f1dafcd4def33a1
CLIENT_TRAFFIC_SECRET_0 399e1d5f29a02dfbc36d6c3fd99dd3602e9d4880666adbbe8429010610c8875a 9abe1f3a1d99a11a6d77ec91f32f93d770cde150a47b452e1f0784f864639417
SERVER_TRAFFIC_SECRET_0 399e1d5f29a02dfbc36d6c3fd99dd3602e9d4880666adbbe8429010610c8875a 2cd72def4696a43e7768d396354ac011aaf913c4c607e7a3b89b72a1c4a4628e
EXPORTER_SECRET 399e1d5f29a02dfbc36d6c3fd99dd3602e9d4880666adbbe8429010610c8875a c5ea5dfa0dea514688e558e7bf1614c76d087ccc4b2b2933f7641240495c4482
CLIENT_HANDSHAKE_TRAFFIC_SECRET 04e339b9d20d942414f1b6b50a0e1c481d12763557164d8b625eb4f9e8c39b30 a8a72dc030d8d90b7c30cf9002ffa8e29808ab4de87814e2573ffd4d34f95af9
SERVER_HANDSHAKE_TRAFFIC_SECRET 04e339b9d20d942414f1b6b50a0e1c481d12763557164d8b625eb4f9e8c39b30 f099b5d90f053b5e5165a2741445b540647b8fbbc87a35dca32fbd1688675355
CLIENT_TRAFFIC_SECRET_0 04e339b9d20d942414f1b6b50a0e1c481d12763557164d8b625eb4f9e8c39b30 1e8f59fe571f18d5164853a388de1d3ac855320cac332cf199a7ae1ea5fb6f37
SERVER_TRAFFIC_SECRET_0 04e339b9d20d942414f1b6b50a0e1c481d12763557164d8b625eb4f9e8c39b30 56d2dc5a3d5ea5dba36a194f51a95e106a7ce21faf094784bb3d1c073a8deb5b
EXPORTER_SECRET 04e339b9d20d942414f1b6b50a0e1c481d12763557164d8b625eb4f9e8c39b30 7a8fc3e180b67da8e39c209a713031dfbe2f0a1b617678456a9f7092ac166c21
CLIENT_HANDSHAKE_TRAFFIC_SECRET 03cf50c2438451ebdd3612b39d7cf391f93c47d7aa1b6ec8939ae74754267ab7 b3fc3b3aa292a99537afb9fb84eefaaea5540efd45fd2ecdc292856eb80c52e8
SERVER_HANDSHAKE_TRAFFIC_SECRET 03cf50c2438451ebdd3612b39d7cf391f93c47d7aa1b6ec8939ae74754267ab7 449c8cd70db43e881c3c8030d1e2461ef93aea742e8b602a221804074bf9bbc4
CLIENT_TRAFFIC_SECRET_0 03cf50c2438451ebdd3612b39d7cf391f93c47d7aa1b6ec8939ae74754267ab7 860027db3a2d0889b363e0cd4c7ad4451a2327f3927c438f5225281ca4fe5624
SERVER_TRAFFIC_SECRET_0 03cf50c2438451ebdd3612b39d7cf391f93c47d7aa1b6ec8939ae74754267ab7 f4ba5e1a9f4f80408766051221de9c4fa9b072703c8c86a8db503db141b87f07
EXPORTER_SECRET 03cf50c2438451ebdd3612b39d7cf391f93c47d7aa1b6ec8939ae74754267ab7 2478ea5cac761de7645f0c6114f87e6e91e955c690b104b665b4e18ee21da98e
CLIENT_HANDSHAKE_TRAFFIC_SECRET 15bcfe6385fc1c9bba8d371486371b92c9f566fde480ce83b2e595c4eb2f6960 93b51aa6bde6b9a75cf026d36ada49daffc3f977d6d78c196abcacb6925698e9
SERVER_HANDSHAKE_TRAFFIC_SECRET 15bcfe6385fc1c9bba8d371486371b92c9f566fde480ce83b2e595c4eb2f6960 8a764abecc60066f2338afe3860d39200875332e3d4e31b6bdefac0e110993c0
CLIENT_TRAFFIC_SECRET_0 15bcfe6385fc1c9bba8d371486371b92c9f566fde480ce83b2e595c4eb2f6960 31d5fccd12e185637fffc753f31afc75444f858fe538c05e6a4716d033574922
SERVER_TRAFFIC_SECRET_0 15bcfe6385fc1c9bba8d371486371b92c9f566fde480ce83b2e595c4eb2f6960 b5f6d4961471dcef758574aacfc468de73947775121e96425e29eef52ac64385
EXPORTER_SECRET 15bcfe6385fc1c9bba8d371486371b92c9f566fde480ce83b2e595c4eb2f6960 9ebb32b8252a0d525c115c6d4373eb1f7ef9651c96fdd89c07b74b3dbf564bad
CLIENT_HANDSHAKE_TRAFFIC_SECRET 544b6d8ad63c3799971dff5a9a1882b5c20b5d13f3fd842d23ac6921fb21fff9 5089494debd4ac5415be9a1447dc9859f5b969f1425d3ce5212bea20eb6d82b7
SERVER_HANDSHAKE_TRAFFIC_SECRET 544b6d8ad63c3799971dff5a9a1882b5c20b5d13f3fd842d23ac6921fb21fff9 dae5d61c2e96a929994152b0afcda085c6a73f111fe50ee90fa62e04b0d2c5a6
CLIENT_TRAFFIC_SECRET_0 544b6d8ad63c3799971dff5a9a1882b5c20b5d13f3fd842d23ac6921fb21fff9 aa769e2d546d4a4fa1e3cdf12e095ed5b77039a8294e8f9ae80b003a0906ecdc
SERVER_TRAFFIC_SECRET_0 544b6d8ad63c3799971dff5a9a1882b5c20b5d13f3fd842d23ac6921fb21fff9 41694ab21f272bfc6c78a18132e41994815d07d407f90aff7e1333f78fd528fb
EXPORTER_SECRET 544b6d8ad63c3799971dff5a9a1882b5c20b5d13f3fd842d23ac6921fb21fff9 569a612d33db08ffb673f0452524ab0526ff1caf5a0a293cca269b52a9af017d
CLIENT_HANDSHAKE_TRAFFIC_SECRET 1ff63b4fa6d09d665af915d2f122b8c7ed0e1f76b1142deaf9ab06ef2103d735 089bf9c0d39efc03fc9a2923ee640c0ae364616b2c24804f52504c6c23d982ff
SERVER_HANDSHAKE_TRAFFIC_SECRET 1ff63b4fa6d09d665af915d2f122b8c7ed0e1f76b1142deaf9ab06ef2103d735 76979e7c62a99a695be3b64281ac1ce07c1fbbd4199bcb9a9479e9f1cc71ec30
CLIENT_TRAFFIC_SECRET_0 1ff63b4fa6d09d665af915d2f122b8c7ed0e1f76b1142deaf9ab06ef2103d735 cadb425ed608d98f7a06e4c6ddbfbddb5338d840f3db6788813563f5988438ab
SERVER_TRAFFIC_SECRET_0 1ff63b4fa6d09d665af915d2f122b8c7ed0e1f76b1142deaf9ab06ef2103d735 f46f0f38e74acba0979b83fe2aa9cd88623c23ff0d0d63817dcb78e2216aa2b9
EXPORTER_SECRET 1ff63b4fa6d09d665af915d2f122b8c7ed0e1f76b1142deaf9ab06ef2103d735 045672a020403b52ca66bb2090e8e6b24963e0a1f6423d98efa4c59dd16f2b77
CLIENT_HANDSHAKE_TRAFFIC_SECRET fb8e7d72dec1e8632e3ff56932de7f43232debe6ad571188f23f9198f5ae4786 9bbc11019bf1aa3dcb2ef66544156884d8e27d94463c71599e0b8fccd1d0fcd6
SERVER_HANDSHAKE_TRAFFIC_SECRET fb8e7d72dec1e8632e3ff56932de7f43232debe6ad571188f23f9198f5ae4786 ff9be6c14b667f7f6c4a8a66112c072fb11fc5a247aeb4704c93a527d66835e0
CLIENT_TRAFFIC_SECRET_0 fb8e7d72dec1e8632e3ff56932de7f43232debe6ad571188f23f9198f5ae4786 e6bbfd2ac02f76fb96f7a02a0aec85d5ebac1b48b658b06363f31cf3d142fd4d
SERVER_TRAFFIC_SECRET_0 fb8e7d72dec1e8632e3ff56932de7f43232debe6ad571188f23f9198f5ae4786 24eb86f5bf6a28fd046a98186db5153a2a3d8d59c637bbf81951d48dd6efc7b1
EXPORTER_SECRET fb8e7d72dec1e8632e3ff56932de7f43232debe6ad571188f23f9198f5ae4786 0dcb6e1049015d835db71e3771b2d7804f9bfbdd1c39c587f346fefb0f6d9a3f
CLIENT_HANDSHAKE_TRAFFIC_SECRET 27d2bd141e01a1dc919e1c38864dfeaf235820aef49ac5d8fe9fbd7529003704 2d80da6aaee78281d387d40efb7f72828f2483a11eb1fd30923d05a31f330cf9
SERVER_HANDSHAKE_TRAFFIC_SECRET 27d2bd141e01a1dc919e1c38864dfeaf235820aef49ac5d8fe9fbd7529003704 45eefb382f075479e055f7f45ded5bbddf7f2c912e658a8dbd047423d0af4edf
CLIENT_TRAFFIC_SECRET_0 27d2bd141e01a1dc919e1c38864dfeaf235820aef49ac5d8fe9fbd7529003704 d6b3398a6dbb1b132ebe9cc327a5bed8897bdb85ade6cb5f75538f742e152d12
SERVER_TRAFFIC_SECRET_0 27d2bd141e01a1dc919e1c38864dfeaf235820aef49ac5d8fe9fbd7529003704 b358a2ed74c89c75acd62c8e0a2b8bd9d129efe7115b15c94dba0ed9b954b24a
EXPORTER_SECRET 27d2bd141e01a1dc919e1c38864dfeaf235820aef49ac5d8fe9fbd7529003704 254c72ef2c873ad02153b4f3236eef2dc02377e4297adb3423cdd6560986fc31
CLIENT_HANDSHAKE_TRAFFIC_SECRET 61cb0d4fcb828e21dd0a694d61bc112cfc35bcb9270d61658e1fad249e602d58 a2fe9bd29173dd7749e874e74c1719c57afa0fa6ef20b05801a8241f62ddd47c
SERVER_HANDSHAKE_TRAFFIC_SECRET 61cb0d4fcb828e21dd0a694d61bc112cfc35bcb9270d61658e1fad249e602d58 5a39f267388d723ef4f38047849b5f455d778dc125c99ff8983c0ca5459147ed
CLIENT_TRAFFIC_SECRET_0 61cb0d4fcb828e21dd0a694d61bc112cfc35bcb9270d61658e1fad249e602d58 13b14360240c5f6fae97e6ebd20d0f8ebabc7a7e38cd983cdd091ff31b658e19
SERVER_TRAFFIC_SECRET_0 61cb0d4fcb828e21dd0a694d61bc112cfc35bcb9270d61658e1fad249e602d58 2a48589043a3bda9889390255ca75bd8b3e6d6fab0b563b7a65a9affb80f1d9c
EXPORTER_SECRET 61cb0d4fcb828e21dd0a694d61bc112cfc35bcb9270d61658e1fad249e602d58 8754daa3f66e057680791c651b4995af528333d8714e8a8e508cbf8cefaf54a5
CLIENT_HANDSHAKE_TRAFFIC_SECRET d78265585d2f5edf8ec3b837669f15171642bff409da237aa9ae17b0e08d27ba 3618839025f88b9852d385d70b0480610c73f52cf6ea82ce641be9a79743b58e
SERVER_HANDSHAKE_TRAFFIC_SECRET d78265585d2f5edf8ec3b837669f15171642bff409da237aa9ae17b0e08d27ba ee4c24b0a0005e607ed41e7810fd616c9b41ddb131a334a66f2478614ca475e0
CLIENT_HANDSHAKE_TRAFFIC_SECRET a0db6fc8306a23351e61e409e9423df35e1f2520d92de6c408f898c5ecd98ede 1aa597e18d2147e15578bdec82c03e11d9ec4abf1a9cc452f6fe67b652cfc651
SERVER_HANDSHAKE_TRAFFIC_SECRET a0db6fc8306a23351e61e409e9423df35e1f2520d92de6c408f898c5ecd98ede fcc1b13217b270e663794754c6a03c6fce721a2fca53f82e682c6254e6bdb7f0
CLIENT_TRAFFIC_SECRET_0 d78265585d2f5edf8ec3b837669f15171642bff409da237aa9ae17b0e08d27ba 376a5ff6555963e77c3df5457c2e0053bb5a08c559ccf395398073f5755fc49a
SERVER_TRAFFIC_SECRET_0 d78265585d2f5edf8ec3b837669f15171642bff409da237aa9ae17b0e08d27ba dc188b841f2147c8c117e2af0b0529116bbc473f0748a352165e39d0e67a1e0c
EXPORTER_SECRET d78265585d2f5edf8ec3b837669f15171642bff409da237aa9ae17b0e08d27ba 86176fa320a7acf3e8e1d2e25b893a7988413fe97fadc04a5809c3b7c43ac2a5
CLIENT_TRAFFIC_SECRET_0 a0db6fc8306a23351e61e409e9423df35e1f2520d92de6c408f898c5ecd98ede a6e8b6df8a83be0b43ce7b91d070de90b3599d78c857dcd706d45e02c88e64a1
SERVER_TRAFFIC_SECRET_0 a0db6fc8306a23351e61e409e9423df35e1f2520d92de6c408f898c5ecd98ede f18529d30a81f32cf67b87f20b961523e2a157d810cb1edb36d0867725ec639d
EXPORTER_SECRET a0db6fc8306a23351e61e409e9423df35e1f2520d92de6c408f898c5ecd98ede 5439eeb864be84a62f3e52f96d996e1391b380ecc0ef3463facd34abd9455133
CLIENT_HANDSHAKE_TRAFFIC_SECRET ca7e5989d3bb0fc850facb58f634fa88b6ee74a9fb6904f454aead158f165195 533b2b08b59085174bafa1b4387f0c3110f717cc062f52e3438e1f9d7f93156c
SERVER_HANDSHAKE_TRAFFIC_SECRET ca7e5989d3bb0fc850facb58f634fa88b6ee74a9fb6904f454aead158f165195 62453335eb7b1a7805a9d8125d34ed2ba9ca035e1b8c41b2a2695678cc04fcd3
CLIENT_TRAFFIC_SECRET_0 ca7e5989d3bb0fc850facb58f634fa88b6ee74a9fb6904f454aead158f165195 bca4fc0d52cb73854b85a0fd20aa162334262236dba60c59edb23d6df0761891
SERVER_TRAFFIC_SECRET_0 ca7e5989d3bb0fc850facb58f634fa88b6ee74a9fb6904f454aead158f165195 5b200c7198f76cabe30be0c50b729711db2925e8d3deca024b40d9c11c75b0d8
EXPORTER_SECRET ca7e5989d3bb0fc850facb58f634fa88b6ee74a9fb6904f454aead158f165195 af2da4e2d9dd720ecbfedb0196b238d2a29f53cc8654a5403493b8214eb61291
CLIENT_HANDSHAKE_TRAFFIC_SECRET 45437b7c8a947359aec9c73f2e94504e17a83ee876991a3d080c784826b6aae8 1d3a660320199bc9383ea71474e588f478c8d34f6f05a4fa3d309a6fb6f33239
SERVER_HANDSHAKE_TRAFFIC_SECRET 45437b7c8a947359aec9c73f2e94504e17a83ee876991a3d080c784826b6aae8 65834f41624b51e86cf832cc3e30f0092c327cd6f05ec59989d5ee1ba5843fce
CLIENT_HANDSHAKE_TRAFFIC_SECRET dd1b79e36eabaafdaf32466c7a9a9874fec2d37fbf1d0d7c3eccb4c94f645172 0f768f3999ff8019a4785eaa791ebee9280d9f3976a9953d55cf3f66e66cb497
SERVER_HANDSHAKE_TRAFFIC_SECRET dd1b79e36eabaafdaf32466c7a9a9874fec2d37fbf1d0d7c3eccb4c94f645172 2ae3cda8414315bdd8d55c11a11bb8bc17ecdb406eac0f0d99d1f8232483b8a2
CLIENT_TRAFFIC_SECRET_0 45437b7c8a947359aec9c73f2e94504e17a83ee876991a3d080c784826b6aae8 0d8f1f310fe691a39ea3bcf11d7f966c7910c5ab8535a3cfdbc42d159fe647cf
SERVER_TRAFFIC_SECRET_0 45437b7c8a947359aec9c73f2e94504e17a83ee876991a3d080c784826b6aae8 0a408f06866752b718fcb90969b809856569265cdcdc57278b3632a6ee85fdef
EXPORTER_SECRET 45437b7c8a947359aec9c73f2e94504e17a83ee876991a3d080c784826b6aae8 5f3d6b02d4b060b19c776cbab9f6d233cf06f75b4d6e8e8bc9f4a3807f53c970
CLIENT_TRAFFIC_SECRET_0 dd1b79e36eabaafdaf32466c7a9a9874fec2d37fbf1d0d7c3eccb4c94f645172 26a2675ad90ab939ccf6f8ddc6941c2ef2bfc6534e54d5838ad7d8f406dbc786
SERVER_TRAFFIC_SECRET_0 dd1b79e36eabaafdaf32466c7a9a9874fec2d37fbf1d0d7c3eccb4c94f645172 90b4df5fc79140e4e0bf7e4e09ea35d7eff8257a48f666ad090050eec03b502c
EXPORTER_SECRET dd1b79e36eabaafdaf32466c7a9a9874fec2d37fbf1d0d7c3eccb4c94f645172 449ecfee74ca734ea379d12830dc66044a5c9dd12d89c1c22ac39bc718189b06
CLIENT_HANDSHAKE_TRAFFIC_SECRET 4c60d766aeab1b2c48e382922638192bf064fc4ea2956d1df286e2ba62af9bcd 36de971ba7826b1e311f0ae212d25562302d05581fda8cb989bbccbcf3746ea1
SERVER_HANDSHAKE_TRAFFIC_SECRET 4c60d766aeab1b2c48e382922638192bf064fc4ea2956d1df286e2ba62af9bcd 5947415a760ae42d2d48a4ec492cb43c04d481e7b8142e13acaae40e7fcbdbf4
CLIENT_HANDSHAKE_TRAFFIC_SECRET 1c575a8a5bb6b7ed9448e777a93084235ece77fa4f809ae89e8c44daae06a280 465b87166daa1738cc2d9347862deefdd7f7582bb2a04adc0d71a89b0d32ed63
SERVER_HANDSHAKE_TRAFFIC_SECRET 1c575a8a5bb6b7ed9448e777a93084235ece77fa4f809ae89e8c44daae06a280 d85babc886884b385627fef565f3885cdccc47a43338fe84eb512fc8c6e0b3bf
CLIENT_TRAFFIC_SECRET_0 4c60d766aeab1b2c48e382922638192bf064fc4ea2956d1df286e2ba62af9bcd 4cb13a8e5f15ca2c79c0989df5ee67adb4d5155653b704bade9bfee38f011695
SERVER_TRAFFIC_SECRET_0 4c60d766aeab1b2c48e382922638192bf064fc4ea2956d1df286e2ba62af9bcd 0022776aead0c4e59c4431d3f6f812065bc60bab712f922ee60d367c99ffb6a3
EXPORTER_SECRET 4c60d766aeab1b2c48e382922638192bf064fc4ea2956d1df286e2ba62af9bcd 8ef17d433b68e0724b9f2b782c50e1a7d4a52076ecbc04ba899e825719eaa493
CLIENT_TRAFFIC_SECRET_0 1c575a8a5bb6b7ed9448e777a93084235ece77fa4f809ae89e8c44daae06a280 3b0089827377b36c4fe8f3705d3ab54c1cbefeb5bf0fc3bec4edd8506a488155
SERVER_TRAFFIC_SECRET_0 1c575a8a5bb6b7ed9448e777a93084235ece77fa4f809ae89e8c44daae06a280 e0f753815d6a664d07adbbca463de7780cda643b18dcf83479ccafa18d475b57
EXPORTER_SECRET 1c575a8a5bb6b7ed9448e777a93084235ece77fa4f809ae89e8c44daae06a280 70a51351af0ba0a60536a53b724175cd415911ce969575f4cc428ff1de42c9bd
CLIENT_HANDSHAKE_TRAFFIC_SECRET 9167500b1e21776b3c462d36403056468c3915e523c377d3b93cc0226e89a80a 4cf8966cb2c9dd1b26cb223072c23c9fec40c47d65f3a2c248124e71eda3ecc8
SERVER_HANDSHAKE_TRAFFIC_SECRET 9167500b1e21776b3c462d36403056468c3915e523c377d3b93cc0226e89a80a 85dbd995d9c2109e12465a83caa82be98cc1903aec0f346062152faf0cc4cc72
CLIENT_TRAFFIC_SECRET_0 9167500b1e21776b3c462d36403056468c3915e523c377d3b93cc0226e89a80a 6f0d3dfc04927825fe994849be9779f32bfe1ff6b792b612d0c928f7eee6552d
SERVER_TRAFFIC_SECRET_0 9167500b1e21776b3c462d36403056468c3915e523c377d3b93cc0226e89a80a ed10e0724645bb27d64e22cdb093bc480f3128a3be2a5e8f82b0d792531c5c9f
EXPORTER_SECRET 9167500b1e21776b3c462d36403056468c3915e523c377d3b93cc0226e89a80a ab5321f0ca6ac26043b7b3fbf09937fe2041fccb086a131ca0019cef9138e94b
CLIENT_HANDSHAKE_TRAFFIC_SECRET bfe0532da7dc9736255e87811c59475c8c990795b5cb4bcee19da46cad51345f 377f7fc33d09445b6e4c15cd07ef31872048d9a675379d97e478874180dc835b
SERVER_HANDSHAKE_TRAFFIC_SECRET bfe0532da7dc9736255e87811c59475c8c990795b5cb4bcee19da46cad51345f 1aebf4ffc03f8b0443cab9196c55bee1dc95ef7d3e1d3b702a7779e56e0fb3fa
CLIENT_TRAFFIC_SECRET_0 bfe0532da7dc9736255e87811c59475c8c990795b5cb4bcee19da46cad51345f 6b55c99ebf35480782793e0d6849c93539c9fc635d566f05088d261d23022b68
SERVER_TRAFFIC_SECRET_0 bfe0532da7dc9736255e87811c59475c8c990795b5cb4bcee19da46cad51345f 4d85761fb83f6095235672fca852d37d1d9cf15b826179ba262b88c74207a00d
EXPORTER_SECRET bfe0532da7dc9736255e87811c59475c8c990795b5cb4bcee19da46cad51345f 8cd962135ea98a941b55ba27cde71e5c57ca7e97a5699634556d77f1685bb765
CLIENT_HANDSHAKE_TRAFFIC_SECRET d8fe6b8a131cd7197bf570b70c0860d7ac8a078a0d829905dcac392dd328c86c f08aa82a84c85461c796c8b4ea926af52a3c2946d8fa0d9f9d2a84fcc851fa75
SERVER_HANDSHAKE_TRAFFIC_SECRET d8fe6b8a131cd7197bf570b70c0860d7ac8a078a0d829905dcac392dd328c86c 854cba3ecd47156279ec17f46250f046805de2aa9637233bd70bbeb5b2a05aaf
CLIENT_TRAFFIC_SECRET_0 d8fe6b8a131cd7197bf570b70c0860d7ac8a078a0d829905dcac392dd328c86c 3b100e6ec98a3579559a65f3b6653a6dce3e3155f553ba6172a0a671416dae85
SERVER_TRAFFIC_SECRET_0 d8fe6b8a131cd7197bf570b70c0860d7ac8a078a0d829905dcac392dd328c86c 3e1647284be85f64ff8be4e74d3b2eb5a33a4729e4554e8589dacda35fe9cb2c
EXPORTER_SECRET d8fe6b8a131cd7197bf570b70c0860d7ac8a078a0d829905dcac392dd328c86c 23f6ab9c862edac3224ebd3c4c6b1bb6f9015c3bea427ab2873780ae69ce5c6a
CLIENT_HANDSHAKE_TRAFFIC_SECRET 22299699f4d8998bc8c8b5ae22363085e3345b8dac1cbc5293b95fb3eac39207 76563191a2064482143828b93e48a62a931f865248e931d7fbe3b4e5e05b9308
SERVER_HANDSHAKE_TRAFFIC_SECRET 22299699f4d8998bc8c8b5ae22363085e3345b8dac1cbc5293b95fb3eac39207 266ceb330f77f034fe4f6e5c3ab49b6eaebde87a10d875640ae3c28c3d2fc136
CLIENT_TRAFFIC_SECRET_0 22299699f4d8998bc8c8b5ae22363085e3345b8dac1cbc5293b95fb3eac39207 87ad2b73b84a326fa271cc5e8c0eefa6040b6a011f9fd9ee4f4effc3290e65d0
SERVER_TRAFFIC_SECRET_0 22299699f4d8998bc8c8b5ae22363085e3345b8dac1cbc5293b95fb3eac39207 1508f7fc4605ff5a0c2a62651ec6c6f47895531301f3c8f6dff527bba0aefcce
EXPORTER_SECRET 22299699f4d8998bc8c8b5ae22363085e3345b8dac1cbc5293b95fb3eac39207 1529e5cfcbaa6cd18de0bcd3737f33d3fdbad1c6106a397d60108d1481757ad8
CLIENT_HANDSHAKE_TRAFFIC_SECRET 367ed2e537bea99c84f8bde099117e853b74e8c01d38a0f70663cf876e3aaa72 3ed274774af14f2ed5918d15cb7cd19250d416ef304692d3f57432d456ddccb9
SERVER_HANDSHAKE_TRAFFIC_SECRET 367ed2e537bea99c84f8bde099117e853b74e8c01d38a0f70663cf876e3aaa72 98a393103b5ecb7a12933540b54a88ed7cc930d4e6ec8c90bb7116364e343fc9
CLIENT_TRAFFIC_SECRET_0 367ed2e537bea99c84f8bde099117e853b74e8c01d38a0f70663cf876e3aaa72 b293904b86900de49023d72817aad46d5e329f38d0283edac0dfee3251e5cf1b
SERVER_TRAFFIC_SECRET_0 367ed2e537bea99c84f8bde099117e853b74e8c01d38a0f70663cf876e3aaa72 2f73ecae14f68a5fcba8b671779c5844d5344db1013345a58b823b62e0548436
EXPORTER_SECRET 367ed2e537bea99c84f8bde099117e853b74e8c01d38a0f70663cf876e3aaa72 ce4792041f8e7464ba90b61c2a85dfaadc6b84036326bd8d3056677c9d665c73
CLIENT_HANDSHAKE_TRAFFIC_SECRET c5c44cc2245706011c7db8addc4593a7df0f3b10b44c8d670b49eea22cc632f7 3ac3a467fd1a0ef4cf2fa9f9ebd937c16d2c3736b61f4466643ba24a6a60fb79
SERVER_HANDSHAKE_TRAFFIC_SECRET c5c44cc2245706011c7db8addc4593a7df0f3b10b44c8d670b49eea22cc632f7 cfe6a95bbdb8045f4bb46c40e9141d0905dd1d7afd7107d500dae832ee4957c6
CLIENT_TRAFFIC_SECRET_0 c5c44cc2245706011c7db8addc4593a7df0f3b10b44c8d670b49eea22cc632f7 744a070be8f2c82b86ace5115cf88068f32b94f03ef2b788494a0c9e123d72b7
SERVER_TRAFFIC_SECRET_0 c5c44cc2245706011c7db8addc4593a7df0f3b10b44c8d670b49eea22cc632f7 3ddf329a422f0feadd900837869a8ee8b952918fccfab99d062c32d8e85a6922
EXPORTER_SECRET c5c44cc2245706011c7db8addc4593a7df0f3b10b44c8d670b49eea22cc632f7 d5620c3c55ce13a6bdb8ab96f407b745a6e6ec00d1cb5b873d5526bf395b78a0
